This is pdfTeX, Version 3.14159265-2.6-1.40.17 (MiKTeX 2.9) (preloaded format=pdflatex 2016.6.2)  19 JUN 2017 00:20
entering extended mode
**./Disertatie.tex
(Disertatie.tex
LaTeX2e <2016/03/31>
Babel <3.9r> and hyphenation patterns for 75 language(s) loaded.
("C:\Program Files (x86)\MiKTeX 2.9\tex\latex\base\report.cls"
Document Class: report 2014/09/29 v1.4h Standard LaTeX document class
("C:\Program Files (x86)\MiKTeX 2.9\tex\latex\base\size12.clo"
File: size12.clo 2014/09/29 v1.4h Standard LaTeX file (size option)
)
\c@part=\count79
\c@chapter=\count80
\c@section=\count81
\c@subsection=\count82
\c@subsubsection=\count83
\c@paragraph=\count84
\c@subparagraph=\count85
\c@figure=\count86
\c@table=\count87
\abovecaptionskip=\skip41
\belowcaptionskip=\skip42
\bibindent=\dimen102
)
("C:\Program Files (x86)\MiKTeX 2.9\tex\latex\amsfonts\amsfonts.sty"
Package: amsfonts 2013/01/14 v3.01 Basic AMSFonts support
\@emptytoks=\toks14
\symAMSa=\mathgroup4
\symAMSb=\mathgroup5
LaTeX Font Info:    Overwriting math alphabet `\mathfrak' in version `bold'
(Font)                  U/euf/m/n --> U/euf/b/n on input line 106.
)
("C:\Program Files (x86)\MiKTeX 2.9\tex\latex\amsmath\amsmath.sty"
Package: amsmath 2016/03/10 v2.15b AMS math features
\@mathmargin=\skip43

For additional information on amsmath, use the `?' option.
("C:\Program Files (x86)\MiKTeX 2.9\tex\latex\amsmath\amstext.sty"
Package: amstext 2000/06/29 v2.01 AMS text

("C:\Program Files (x86)\MiKTeX 2.9\tex\latex\amsmath\amsgen.sty"
File: amsgen.sty 1999/11/30 v2.0 generic functions
\@emptytoks=\toks15
\ex@=\dimen103
))
("C:\Program Files (x86)\MiKTeX 2.9\tex\latex\amsmath\amsbsy.sty"
Package: amsbsy 1999/11/29 v1.2d Bold Symbols
\pmbraise@=\dimen104
)
("C:\Program Files (x86)\MiKTeX 2.9\tex\latex\amsmath\amsopn.sty"
Package: amsopn 2016/03/08 v2.02 operator names
)
\inf@bad=\count88
LaTeX Info: Redefining \frac on input line 199.
\uproot@=\count89
\leftroot@=\count90
LaTeX Info: Redefining \overline on input line 297.
\classnum@=\count91
\DOTSCASE@=\count92
LaTeX Info: Redefining \ldots on input line 394.
LaTeX Info: Redefining \dots on input line 397.
LaTeX Info: Redefining \cdots on input line 518.
\Mathstrutbox@=\box26
\strutbox@=\box27
\big@size=\dimen105
LaTeX Font Info:    Redeclaring font encoding OML on input line 634.
LaTeX Font Info:    Redeclaring font encoding OMS on input line 635.
\macc@depth=\count93
\c@MaxMatrixCols=\count94
\dotsspace@=\muskip10
\c@parentequation=\count95
\dspbrk@lvl=\count96
\tag@help=\toks16
\row@=\count97
\column@=\count98
\maxfields@=\count99
\andhelp@=\toks17
\eqnshift@=\dimen106
\alignsep@=\dimen107
\tagshift@=\dimen108
\tagwidth@=\dimen109
\totwidth@=\dimen110
\lineht@=\dimen111
\@envbody=\toks18
\multlinegap=\skip44
\multlinetaggap=\skip45
\mathdisplay@stack=\toks19
LaTeX Info: Redefining \[ on input line 2739.
LaTeX Info: Redefining \] on input line 2740.
)
("C:\Program Files (x86)\MiKTeX 2.9\tex\latex\amscls\amsthm.sty"
Package: amsthm 2015/03/04 v2.20.2
\thm@style=\toks20
\thm@bodyfont=\toks21
\thm@headfont=\toks22
\thm@notefont=\toks23
\thm@headpunct=\toks24
\thm@preskip=\skip46
\thm@postskip=\skip47
\thm@headsep=\skip48
\dth@everypar=\toks25
)
("C:\Program Files (x86)\MiKTeX 2.9\tex\latex\graphics\graphicx.sty"
Package: graphicx 2014/10/28 v1.0g Enhanced LaTeX Graphics (DPC,SPQR)

("C:\Program Files (x86)\MiKTeX 2.9\tex\latex\graphics\keyval.sty"
Package: keyval 2014/10/28 v1.15 key=value parser (DPC)
\KV@toks@=\toks26
)
("C:\Program Files (x86)\MiKTeX 2.9\tex\latex\graphics\graphics.sty"
Package: graphics 2016/05/09 v1.0r Standard LaTeX Graphics (DPC,SPQR)

("C:\Program Files (x86)\MiKTeX 2.9\tex\latex\graphics\trig.sty"
Package: trig 2016/01/03 v1.10 sin cos tan (DPC)
)
("C:\Program Files (x86)\MiKTeX 2.9\tex\latex\00miktex\graphics.cfg"
File: graphics.cfg 2016/01/02 v1.10 sample graphics configuration
)
Package graphics Info: Driver file: pdftex.def on input line 96.

("C:\Program Files (x86)\MiKTeX 2.9\tex\latex\pdftex-def\pdftex.def"
File: pdftex.def 2011/05/27 v0.06d Graphics/color for pdfTeX

("C:\Program Files (x86)\MiKTeX 2.9\tex\generic\oberdiek\infwarerr.sty"
Package: infwarerr 2016/05/16 v1.4 Providing info/warning/error messages (HO)
)
("C:\Program Files (x86)\MiKTeX 2.9\tex\generic\oberdiek\ltxcmds.sty"
Package: ltxcmds 2016/05/16 v1.23 LaTeX kernel commands for general use (HO)
)
\Gread@gobject=\count100
))
\Gin@req@height=\dimen112
\Gin@req@width=\dimen113
)
("C:\Program Files (x86)\MiKTeX 2.9\tex\latex\graphics\color.sty"
Package: color 2016/05/09 v1.1c Standard LaTeX Color (DPC)

("C:\Program Files (x86)\MiKTeX 2.9\tex\latex\00miktex\color.cfg"
File: color.cfg 2016/01/02 v1.6 sample color configuration
)
Package color Info: Driver file: pdftex.def on input line 144.
)
("C:\Program Files (x86)\MiKTeX 2.9\tex\generic\babel\babel.sty"
Package: babel 2016/04/23 3.9r The Babel package

*************************************
* Local config file bblopts.cfg used
*
(C:\Users\bogda_000\AppData\Roaming\MiKTeX\2.9\tex\latex\arabi\bblopts.cfg
File: bblopts.cfg 2005/09/08 v0.1 add Arabic and Farsi to "declared" options of
 babel
)
(C:\Users\bogda_000\AppData\Roaming\MiKTeX\2.9\tex\latex\babel-romanian\romania
n.ldf
Language: romanian 2005/03/31 v1.2l Romanian support from the babel system
 ("C:\Program Files (x86)\MiKTeX 2.9\tex\generic\babel\babel.def"
File: babel.def 2016/04/23 3.9r Babel common definitions
\babel@savecnt=\count101
\U@D=\dimen114
)))
(C:\Users\bogda_000\AppData\Roaming\MiKTeX\2.9\tex\latex\wrapfig\wrapfig.sty
\wrapoverhang=\dimen115
\WF@size=\dimen116
\c@WF@wrappedlines=\count102
\WF@box=\box28
\WF@everypar=\toks27
Package: wrapfig 2003/01/31  v 3.6
)
(C:\Users\bogda_000\AppData\Roaming\MiKTeX\2.9\tex\latex\algorithms\algorithmic
.sty
Package: algorithmic 2009/08/24 v0.1 Document Style `algorithmic'
 ("C:\Program Files (x86)\MiKTeX 2.9\tex\latex\base\ifthen.sty"
Package: ifthen 2014/09/29 v1.1c Standard LaTeX ifthen package (DPC)
)
\c@ALC@unique=\count103
\c@ALC@line=\count104
\c@ALC@rem=\count105
\c@ALC@depth=\count106
\ALC@tlm=\skip49
\algorithmicindent=\skip50
)
(C:\Users\bogda_000\AppData\Roaming\MiKTeX\2.9\tex\latex\algorithms\algorithm.s
ty
Package: algorithm 2009/08/24 v0.1 Document Style `algorithm' - floating enviro
nment
 ("C:\Program Files (x86)\MiKTeX 2.9\tex\latex\float\float.sty"
Package: float 2001/11/08 v1.3d Float enhancements (AL)
\c@float@type=\count107
\float@exts=\toks28
\float@box=\box29
\@float@everytoks=\toks29
\@floatcapt=\box30
)
\@float@every@algorithm=\toks30
\c@algorithm=\count108
)
("C:\Program Files (x86)\MiKTeX 2.9\tex\latex\hyperref\hyperref.sty"
Package: hyperref 2016/05/05 v6.83n Hypertext links for LaTeX

("C:\Program Files (x86)\MiKTeX 2.9\tex\generic\oberdiek\hobsub-hyperref.sty"
Package: hobsub-hyperref 2016/05/16 v1.14 Bundle oberdiek, subset hyperref (HO)


("C:\Program Files (x86)\MiKTeX 2.9\tex\generic\oberdiek\hobsub-generic.sty"
Package: hobsub-generic 2016/05/16 v1.14 Bundle oberdiek, subset generic (HO)
Package: hobsub 2016/05/16 v1.14 Construct package bundles (HO)
Package hobsub Info: Skipping package `infwarerr' (already loaded).
Package hobsub Info: Skipping package `ltxcmds' (already loaded).
Package: ifluatex 2016/05/16 v1.4 Provides the ifluatex switch (HO)
Package ifluatex Info: LuaTeX not detected.
Package: ifvtex 2016/05/16 v1.6 Detect VTeX and its facilities (HO)
Package ifvtex Info: VTeX not detected.
Package: intcalc 2016/05/16 v1.2 Expandable calculations with integers (HO)
Package: ifpdf 2016/05/14 v3.1 Provides the ifpdf switch
Package: etexcmds 2016/05/16 v1.6 Avoid name clashes with e-TeX commands (HO)
Package etexcmds Info: Could not find \expanded.
(etexcmds)             That can mean that you are not using pdfTeX 1.50 or
(etexcmds)             that some package has redefined \expanded.
(etexcmds)             In the latter case, load this package earlier.
Package: kvsetkeys 2016/05/16 v1.17 Key value parser (HO)
Package: kvdefinekeys 2016/05/16 v1.4 Define keys (HO)
Package: pdftexcmds 2016/05/10 v0.21 Utility functions of pdfTeX for LuaTeX (HO
)
Package pdftexcmds Info: LuaTeX not detected.
Package pdftexcmds Info: \pdf@primitive is available.
Package pdftexcmds Info: \pdf@ifprimitive is available.
Package pdftexcmds Info: \pdfdraftmode found.
Package: pdfescape 2016/05/16 v1.14 Implements pdfTeX's escape features (HO)
Package: bigintcalc 2016/05/16 v1.4 Expandable calculations on big integers (HO
)
Package: bitset 2016/05/16 v1.2 Handle bit-vector datatype (HO)
Package: uniquecounter 2016/05/16 v1.3 Provide unlimited unique counter (HO)
)
Package hobsub Info: Skipping package `hobsub' (already loaded).
Package: letltxmacro 2016/05/16 v1.5 Let assignment for LaTeX macros (HO)
Package: hopatch 2016/05/16 v1.3 Wrapper for package hooks (HO)
Package: xcolor-patch 2016/05/16 xcolor patch
Package: atveryend 2016/05/16 v1.9 Hooks at the very end of document (HO)
Package atveryend Info: \enddocument detected (standard20110627).
Package: atbegshi 2016/05/16 v1.17 At begin shipout hook (HO)
Package: refcount 2016/05/16 v3.5 Data extraction from label references (HO)
Package: hycolor 2016/05/16 v1.8 Color options for hyperref/bookmark (HO)
)
("C:\Program Files (x86)\MiKTeX 2.9\tex\generic\ifxetex\ifxetex.sty"
Package: ifxetex 2010/09/12 v0.6 Provides ifxetex conditional
)
("C:\Program Files (x86)\MiKTeX 2.9\tex\latex\oberdiek\auxhook.sty"
Package: auxhook 2016/05/16 v1.4 Hooks for auxiliary files (HO)
)
("C:\Program Files (x86)\MiKTeX 2.9\tex\latex\oberdiek\kvoptions.sty"
Package: kvoptions 2016/05/16 v3.12 Key value format for package options (HO)
)
\@linkdim=\dimen117
\Hy@linkcounter=\count109
\Hy@pagecounter=\count110

("C:\Program Files (x86)\MiKTeX 2.9\tex\latex\hyperref\pd1enc.def"
File: pd1enc.def 2016/05/05 v6.83n Hyperref: PDFDocEncoding definition (HO)
)
\Hy@SavedSpaceFactor=\count111

("C:\Program Files (x86)\MiKTeX 2.9\tex\latex\00miktex\hyperref.cfg"
File: hyperref.cfg 2002/06/06 v1.2 hyperref configuration of TeXLive
)
Package hyperref Info: Hyper figures OFF on input line 4446.
Package hyperref Info: Link nesting OFF on input line 4451.
Package hyperref Info: Hyper index ON on input line 4454.
Package hyperref Info: Plain pages OFF on input line 4461.
Package hyperref Info: Backreferencing OFF on input line 4466.
Package hyperref Info: Implicit mode ON; LaTeX internals redefined.
Package hyperref Info: Bookmarks ON on input line 4691.
\c@Hy@tempcnt=\count112

(C:\Users\bogda_000\AppData\Roaming\MiKTeX\2.9\tex\latex\url\url.sty
\Urlmuskip=\muskip11
Package: url 2013/09/16  ver 3.4  Verb mode for urls, etc.
)
LaTeX Info: Redefining \url on input line 5044.
\XeTeXLinkMargin=\dimen118
\Fld@menulength=\count113
\Field@Width=\dimen119
\Fld@charsize=\dimen120
Package hyperref Info: Hyper figures OFF on input line 6298.
Package hyperref Info: Link nesting OFF on input line 6303.
Package hyperref Info: Hyper index ON on input line 6306.
Package hyperref Info: backreferencing OFF on input line 6313.
Package hyperref Info: Link coloring OFF on input line 6318.
Package hyperref Info: Link coloring with OCG OFF on input line 6323.
Package hyperref Info: PDF/A mode OFF on input line 6328.
LaTeX Info: Redefining \ref on input line 6368.
LaTeX Info: Redefining \pageref on input line 6372.
\Hy@abspage=\count114
\c@Item=\count115
\c@Hfootnote=\count116
)

Package hyperref Message: Driver (autodetected): hpdftex.

("C:\Program Files (x86)\MiKTeX 2.9\tex\latex\hyperref\hpdftex.def"
File: hpdftex.def 2016/05/05 v6.83n Hyperref driver for pdfTeX
\Fld@listcount=\count117
\c@bookmark@seq@number=\count118

("C:\Program Files (x86)\MiKTeX 2.9\tex\latex\oberdiek\rerunfilecheck.sty"
Package: rerunfilecheck 2016/05/16 v1.8 Rerun checks for auxiliary files (HO)
Package uniquecounter Info: New unique counter `rerunfilecheck' on input line 2
82.
)
\Hy@SectionHShift=\skip51
)
(C:\Users\bogda_000\AppData\Roaming\MiKTeX\2.9\tex\latex\listings\listings.sty
\lst@mode=\count119
\lst@gtempboxa=\box31
\lst@token=\toks31
\lst@length=\count120
\lst@currlwidth=\dimen121
\lst@column=\count121
\lst@pos=\count122
\lst@lostspace=\dimen122
\lst@width=\dimen123
\lst@newlines=\count123
\lst@lineno=\count124
\lst@maxwidth=\dimen124

(C:\Users\bogda_000\AppData\Roaming\MiKTeX\2.9\tex\latex\listings\lstmisc.sty
File: lstmisc.sty 2015/06/04 1.6 (Carsten Heinz)
\c@lstnumber=\count125
\lst@skipnumbers=\count126
\lst@framebox=\box32
)
(C:\Users\bogda_000\AppData\Roaming\MiKTeX\2.9\tex\latex\listings\listings.cfg
File: listings.cfg 2015/06/04 1.6 listings configuration
))
Package: listings 2015/06/04 1.6 (Carsten Heinz)
 ("C:\Program Files (x86)\MiKTeX 2.9\tex\latex\multirow\multirow.sty"
\bigstrutjot=\dimen125
)
("C:\Program Files (x86)\MiKTeX 2.9\tex\latex\tools\array.sty"
Package: array 2014/10/28 v2.4c Tabular extension package (FMi)
\col@sep=\dimen126
\extrarowheight=\dimen127
\NC@list=\toks32
\extratabsurround=\skip52
\backup@length=\skip53
) (Disertatie.aux (Coperta.aux) (Cap1_Introducere.aux) (Cap2_LucrariSimilare.au
x)
(Cap3_Arhitectura.aux) (Cap4_ExperimenteRezultate.aux)
(Cap5_PosibileDezvoltari.aux) (Cap6_Concluzii.aux))
\openout1 = `Disertatie.aux'.

LaTeX Font Info:    Checking defaults for OML/cmm/m/it on input line 18.
LaTeX Font Info:    ... okay on input line 18.
LaTeX Font Info:    Checking defaults for T1/cmr/m/n on input line 18.
LaTeX Font Info:    ... okay on input line 18.
LaTeX Font Info:    Checking defaults for OT1/cmr/m/n on input line 18.
LaTeX Font Info:    ... okay on input line 18.
LaTeX Font Info:    Checking defaults for OMS/cmsy/m/n on input line 18.
LaTeX Font Info:    ... okay on input line 18.
LaTeX Font Info:    Checking defaults for OMX/cmex/m/n on input line 18.
LaTeX Font Info:    ... okay on input line 18.
LaTeX Font Info:    Checking defaults for U/cmr/m/n on input line 18.
LaTeX Font Info:    ... okay on input line 18.
LaTeX Font Info:    Checking defaults for PD1/pdf/m/n on input line 18.
LaTeX Font Info:    ... okay on input line 18.

(C:\Users\bogda_000\AppData\Roaming\MiKTeX\2.9\tex\context\base\supp-pdf.mkii
[Loading MPS to PDF converter (version 2006.09.02).]
\scratchcounter=\count127
\scratchdimen=\dimen128
\scratchbox=\box33
\nofMPsegments=\count128
\nofMParguments=\count129
\everyMPshowfont=\toks33
\MPscratchCnt=\count130
\MPscratchDim=\dimen129
\MPnumerator=\count131
\makeMPintoPDFobject=\count132
\everyMPtoPDFconversion=\toks34
) ("C:\Program Files (x86)\MiKTeX 2.9\tex\latex\oberdiek\epstopdf-base.sty"
Package: epstopdf-base 2016/05/15 v2.6 Base part for package epstopdf

("C:\Program Files (x86)\MiKTeX 2.9\tex\latex\oberdiek\grfext.sty"
Package: grfext 2016/05/16 v1.2 Manage graphics extensions (HO)
)
Package grfext Info: Graphics extension search list:
(grfext)             [.png,.pdf,.jpg,.mps,.jpeg,.jbig2,.jb2,.PNG,.PDF,.JPG,.JPE
G,.JBIG2,.JB2,.eps]
(grfext)             \AppendGraphicsExtensions on input line 456.
)
\AtBeginShipoutBox=\box34
Package hyperref Info: Link coloring OFF on input line 18.

("C:\Program Files (x86)\MiKTeX 2.9\tex\latex\hyperref\nameref.sty"
Package: nameref 2012/10/27 v2.43 Cross-referencing by name of section

("C:\Program Files (x86)\MiKTeX 2.9\tex\generic\oberdiek\gettitlestring.sty"
Package: gettitlestring 2016/05/16 v1.5 Cleanup title references (HO)
)
\c@section@level=\count133
)
LaTeX Info: Redefining \ref on input line 18.
LaTeX Info: Redefining \pageref on input line 18.
LaTeX Info: Redefining \nameref on input line 18.

(Disertatie.out) (Disertatie.out)
\@outlinefile=\write3
\openout3 = `Disertatie.out'.

\c@lstlisting=\count134
\openout2 = `Coperta.aux'.

 (Coperta.tex
LaTeX Font Info:    Try loading font information for U+msa on input line 6.

("C:\Program Files (x86)\MiKTeX 2.9\tex\latex\amsfonts\umsa.fd"
File: umsa.fd 2013/01/14 v3.01 AMS symbols A
)
LaTeX Font Info:    Try loading font information for U+msb on input line 6.

("C:\Program Files (x86)\MiKTeX 2.9\tex\latex\amsfonts\umsb.fd"
File: umsb.fd 2013/01/14 v3.01 AMS symbols B
)
<./imagini/logo_facultate.png, id=159, 569.12625pt x 569.12625pt>
File: ./imagini/logo_facultate.png Graphic file (type png)

<use ./imagini/logo_facultate.png>
Package pdftex.def Info: ./imagini/logo_facultate.png used on input line 7.
(pdftex.def)             Requested size: 117.00119pt x 117.00163pt.

Overfull \hbox (32.83711pt too wide) in paragraph at lines 6--17
 [] 
 []

[1


{C:/Users/bogda_000/AppData/Local/MiKTeX/2.9/pdftex/config/pdftex.map} <./imagi
ni/logo_facultate.png>]) (Disertatie.tocpdfTeX warning (ext4): destination with
 the same identifier (name{page.1}) has been already used, duplicate ignored
<to be read again> 
                   \relax 
l.77 ...3.4}Arhitectura 3.0}{24}{subsection.4.3.4}
                                                   [1


])
\tf@toc=\write4
\openout4 = `Disertatie.toc'.

 [2]
\openout2 = `Cap1_Introducere.aux'.


(Cap1_Introducere.tex
Capitolul 1.
Missing character: There is no â in font cmr12!
Missing character: There is no € in font cmr12!
Missing character: There is no “ in font cmr12!
[3


]
Missing character: There is no â in font cmr12!
Missing character: There is no € in font cmr12!
Missing character: There is no “ in font cmr12!
 [4]
Overfull \hbox (7.20699pt too wide) in paragraph at lines 19--20
\OT1/cmr/m/n/12 Ini[]ial, aces-tea au fost dezvol-tate pen-tru ru-lare ra-pida
 de jo-curi, dar poten[]ialul
 []


Package hyperref Warning: Composite letter `\textcedilla+t'
(hyperref)                not defined in PD1 encoding,
(hyperref)                removing `\textcedilla' on input line 21.


Package hyperref Warning: Glyph not defined in PD1 encoding,
(hyperref)                removing `\u' on input line 26.


Package hyperref Warning: Composite letter `\textcedilla+s'
(hyperref)                not defined in PD1 encoding,
(hyperref)                removing `\textcedilla' on input line 32.

) [5]
\openout2 = `Cap2_LucrariSimilare.aux'.

 (Cap2_LucrariSimilare.tex
Capitolul 2.

Package hyperref Warning: Glyph not defined in PD1 encoding,
(hyperref)                removing `\u' on input line 1.


Package hyperref Warning: Glyph not defined in PD1 encoding,
(hyperref)                removing `\u' on input line 6.

[6



] <./imagini/duolingo.png, id=283, 357.335pt x 510.90875pt>
File: ./imagini/duolingo.png Graphic file (type png)

<use ./imagini/duolingo.png>
Package pdftex.def Info: ./imagini/duolingo.png used on input line 18.
(pdftex.def)             Requested size: 117.00119pt x 167.28291pt.

<./imagini/facebook.jpeg, id=285, 803.0pt x 534.99875pt>
File: ./imagini/facebook.jpeg Graphic file (type jpg)

<use ./imagini/facebook.jpeg>
Package pdftex.def Info: ./imagini/facebook.jpeg used on input line 29.
(pdftex.def)             Requested size: 272.99881pt x 181.88899pt.
 [7 <./imagini/duolingo.png (PNG copy)>]) [8 <./imagini/facebook.jpeg>]
\openout2 = `Cap3_Arhitectura.aux'.

 (Cap3_Arhitectura.tex
Capitolul 3.

Package hyperref Warning: Composite letter `\textcedilla+t'
(hyperref)                not defined in PD1 encoding,
(hyperref)                removing `\textcedilla' on input line 6.

<./imagini/deep_neural_network.png, id=304, 488.26317pt x 264.40244pt>
File: ./imagini/deep_neural_network.png Graphic file (type png)

<use ./imagini/deep_neural_network.png>
Package pdftex.def Info: ./imagini/deep_neural_network.png used on input line 1
6.
(pdftex.def)             Requested size: 272.99881pt x 147.83438pt.
 [9



]
<./imagini/feature_representation.png, id=315, 121.45375pt x 127.97812pt>
File: ./imagini/feature_representation.png Graphic file (type png)

<use ./imagini/feature_representation.png>
Package pdftex.def Info: ./imagini/feature_representation.png used on input lin
e 28.
(pdftex.def)             Requested size: 175.49881pt x 184.9269pt.
 [10 <./imagini/deep_neural_network.png>]
LaTeX Font Info:    Try loading font information for OMS+cmr on input line 35.
 ("C:\Program Files (x86)\MiKTeX 2.9\tex\latex\base\omscmr.fd"
File: omscmr.fd 2014/09/29 v2.5h Standard LaTeX font definitions
)
LaTeX Font Info:    Font shape `OMS/cmr/m/n' in size <12> not available
(Font)              Font shape `OMS/cmsy/m/n' tried instead on input line 35.
 [11 <./imagini/feature_representation.png>]

Package hyperref Warning: Composite letter `\textcedilla+t'
(hyperref)                not defined in PD1 encoding,
(hyperref)                removing `\textcedilla' on input line 54.

<./imagini/rnn_network.png, id=347, 977.8131pt x 256.91985pt>
File: ./imagini/rnn_network.png Graphic file (type png)

<use ./imagini/rnn_network.png>
Package pdftex.def Info: ./imagini/rnn_network.png used on input line 61.
(pdftex.def)             Requested size: 350.99762pt x 92.22449pt.
 [12 <./imagini/rnn_network.png>]
<./imagini/seq2seq.png, id=369, 481.04718pt x 239.39438pt>
File: ./imagini/seq2seq.png Graphic file (type png)

<use ./imagini/seq2seq.png>
Package pdftex.def Info: ./imagini/seq2seq.png used on input line 91.
(pdftex.def)             Requested size: 312.00119pt x 155.27208pt.
 [13] [14 <./imagini/seq2seq.png>]
<./imagini/hred.png, id=393, 1161.33875pt x 584.1825pt>
File: ./imagini/hred.png Graphic file (type png)

<use ./imagini/hred.png>
Package pdftex.def Info: ./imagini/hred.png used on input line 108.
(pdftex.def)             Requested size: 390.0pt x 196.177pt.
 [15 <./imagini/hred.png (PNG copy)>]

Package hyperref Warning: Composite letter `\textcedilla+t'
(hyperref)                not defined in PD1 encoding,
(hyperref)                removing `\textcedilla' on input line 139.

[16] <./imagini/bidirectional_rnn.png, id=412, 243.7908pt x 278.7213pt>
File: ./imagini/bidirectional_rnn.png Graphic file (type png)

<use ./imagini/bidirectional_rnn.png>
Package pdftex.def Info: ./imagini/bidirectional_rnn.png used on input line 146
.
(pdftex.def)             Requested size: 195.0pt x 222.94756pt.
 [17 <./imagini/bidirectional_rnn.png>]
<./imagini/word_embeddings.png, id=424, 996.72375pt x 816.04875pt>
File: ./imagini/word_embeddings.png Graphic file (type png)

<use ./imagini/word_embeddings.png>
Package pdftex.def Info: ./imagini/word_embeddings.png used on input line 166.
(pdftex.def)             Requested size: 272.99881pt x 223.51134pt.
 [18]

Package hyperref Warning: Composite letter `\textcedilla+t'
(hyperref)                not defined in PD1 encoding,
(hyperref)                removing `\textcedilla' on input line 175.

[19 <./imagini/word_embeddings.png>]
Underfull \hbox (badness 10000) in paragraph at lines 188--189

 []

[20] <./imagini/beam_search.png, id=459, 613.54219pt x 437.38406pt>
File: ./imagini/beam_search.png Graphic file (type png)

<use ./imagini/beam_search.png>
Package pdftex.def Info: ./imagini/beam_search.png used on input line 201.
(pdftex.def)             Requested size: 234.00238pt x 166.81499pt.
) [21 <./imagini/beam_search.png>]
\openout2 = `Cap4_ExperimenteRezultate.aux'.


(Cap4_ExperimenteRezultate.tex
Capitolul 4.

Package hyperref Warning: Composite letter `\textcedilla+s'
(hyperref)                not defined in PD1 encoding,
(hyperref)                removing `\textcedilla' on input line 1.

[22



] [23] [24] [25]

Package hyperref Warning: Glyph not defined in PD1 encoding,
(hyperref)                removing `\u' on input line 60.


Overfull \hbox (5.08578pt too wide) in paragraph at lines 66--75
 [] 
 []

[26]
Overfull \hbox (5.08578pt too wide) in paragraph at lines 78--86
 [] 
 []


Overfull \hbox (5.08578pt too wide) in paragraph at lines 89--97
 [] 
 []


Overfull \hbox (5.08578pt too wide) in paragraph at lines 100--108
 [] 
 []

) [27]
\openout2 = `Cap5_PosibileDezvoltari.aux'.

 (Cap5_PosibileDezvoltari.tex
Capitolul 5.

Package hyperref Warning: Glyph not defined in PD1 encoding,
(hyperref)                removing `\u' on input line 1.


Package hyperref Warning: Glyph not defined in PD1 encoding,
(hyperref)                removing `\u' on input line 3.


Package hyperref Warning: Composite letter `\textcedilla+t'
(hyperref)                not defined in PD1 encoding,
(hyperref)                removing `\textcedilla' on input line 3.


Package hyperref Warning: Glyph not defined in PD1 encoding,
(hyperref)                removing `\u' on input line 3.

[28



] <./imagini/reinforcement_learning.png, id=537, 435.6275pt x 175.65625pt>
File: ./imagini/reinforcement_learning.png Graphic file (type png)

<use ./imagini/reinforcement_learning.png>
Package pdftex.def Info: ./imagini/reinforcement_learning.png used on input lin
e 24.
(pdftex.def)             Requested size: 234.00238pt x 94.35442pt.

Overfull \hbox (10.92442pt too wide) in paragraph at lines 37--38
[]$\OML/cmm/m/it/12 r[]$\OT1/cmr/m/n/12 , care re-com-pen-seaza co-rec-ti-tu-d
i-nea gra-ma-ti-cala si coeren[]a raspunsului 
 []

[29 <./imagini/reinforcement_learning.png>]

Package hyperref Warning: Composite letter `\textcedilla+t'
(hyperref)                not defined in PD1 encoding,
(hyperref)                removing `\textcedilla' on input line 51.

<./imagini/attention_model.png, id=552, 292.09125pt x 372.39125pt>
File: ./imagini/attention_model.png Graphic file (type png)

<use ./imagini/attention_model.png>
Package pdftex.def Info: ./imagini/attention_model.png used on input line 64.
(pdftex.def)             Requested size: 155.99762pt x 198.88925pt.
 [30] [31 <./imagini/attention_model.png>]
<./imagini/data_scalability.jpg, id=574, 377.0085pt x 287.8755pt>
File: ./imagini/data_scalability.jpg Graphic file (type jpg)

<use ./imagini/data_scalability.jpg>
Package pdftex.def Info: ./imagini/data_scalability.jpg used on input line 81.
(pdftex.def)             Requested size: 234.00238pt x 178.67862pt.
) [32 <./imagini/data_scalability.jpg>]
\openout2 = `Cap6_Concluzii.aux'.


(Cap6_Concluzii.tex
Capitolul 6.
) [33



] (Disertatie.bbl
Underfull \hbox (badness 10000) in paragraph at lines 41--45
[]\OT1/cmr/m/n/12 Dimitrios Bi-zo-po-u-lus.  Gpu vs cpu in con-vo-lu-tio-nal ne
-
 []


Underfull \hbox (badness 10000) in paragraph at lines 41--45
\OT1/cmr/m/n/12 u-ral ne-tworks using ten-sor-flow.  []$https : / / relinklabs 
. com /
 []

[34


]
Overfull \hbox (34.6012pt too wide) in paragraph at lines 53--58
\OT1/cmr/m/n/12 from-[]the-[]turing-[]test-[]to-[]deep-[]learning-[]articial-[
]intelligence-[]goes-[]mainstream/$[]. 
 []


Underfull \hbox (badness 1377) in paragraph at lines 82--87
[]\OT1/cmr/m/n/12 Forbes.  Ad-van-ces in deep lear-ning will lead to high-tech 
pro-
 []


Overfull \hbox (10.70978pt too wide) in paragraph at lines 82--87
\OT1/cmr/m/n/12 advances-[]in-[]deep-[]learning-[]will-[]lead-[]to-[]high-[]tec
h-[]product-[]breakthroughs /
 []

[35]
Underfull \hbox (badness 10000) in paragraph at lines 159--163
[]\OT1/cmr/m/n/12 Chris Mc-Cor-mick.  Go-o-gle's trained word2vec mo-
 []


Underfull \hbox (badness 10000) in paragraph at lines 159--163
\OT1/cmr/m/n/12 del in py-thon.  []$http : / / mccormickml . com / 2016 / 04 / 
12 /
 []

[36]
Underfull \hbox (badness 3407) in paragraph at lines 225--229
\OT1/cmr/m/n/12 ning mo-dels?  []$https : / / www . analyticsvidhya . com / blo
g / 2017 / 05 /
 []


Overfull \hbox (2.00708pt too wide) in paragraph at lines 238--243
\OT1/cmr/m/n/12 customer-[]service-[]chatbots-[]are-[]about-[]to-[]become-[]fri
ghteningly-[]realistic/$[]. 
 []

Missing character: There is no â in font cmr12!
Missing character: There is no € in font cmr12!
Missing character: There is no “ in font cmr12!
[37]
Missing character: There is no â in font cmr12!
Missing character: There is no € in font cmr12!
Missing character: There is no “ in font cmr12!

Underfull \hbox (badness 1728) in paragraph at lines 279--284
[]\OT1/cmr/m/n/12 Wildml.  Deep lear-ning for cha-tbots, part 2  im-ple-men-tin
g a
 []


Underfull \hbox (badness 10000) in paragraph at lines 286--290
[]\OT1/cmr/m/n/12 Wildml.  Re-cur-rent ne-u-ral ne-tworks tu-to-rial, part 1 -
 []


Underfull \hbox (badness 10000) in paragraph at lines 286--290
\OT1/cmr/m/n/12 in-tro-duc-tion to rnns.  []$http : / / www . wildml . com / 20
15 / 09 /
 []

)
Package atveryend Info: Empty hook `BeforeClearDocument' on input line 33.
 [38]
Package atveryend Info: Empty hook `AfterLastShipout' on input line 33.
 (Disertatie.aux (Coperta.aux) (Cap1_Introducere.aux)
(Cap2_LucrariSimilare.aux) (Cap3_Arhitectura.aux)
(Cap4_ExperimenteRezultate.aux) (Cap5_PosibileDezvoltari.aux)
(Cap6_Concluzii.aux))
Package atveryend Info: Executing hook `AtVeryEndDocument' on input line 33.
Package atveryend Info: Executing hook `AtEndAfterFileList' on input line 33.
Package rerunfilecheck Info: File `Disertatie.out' has not changed.
(rerunfilecheck)             Checksum: E1F67553E1813F94C3362E06C54AC510;2579.
Package atveryend Info: Empty hook `AtVeryVeryEnd' on input line 33.
 ) 
Here is how much of TeX's memory you used:
 8241 strings out of 493335
 120975 string characters out of 3136669
 222348 words of memory out of 3000000
 11363 multiletter control sequences out of 15000+200000
 14001 words of font info for 54 fonts, out of 3000000 for 9000
 1141 hyphenation exceptions out of 8191
 29i,15n,33p,2690b,447s stack positions out of 5000i,500n,10000p,200000b,50000s
<C:/Program Files (x86)/MiKTeX 2.9/fonts/type1/public/amsfonts/cm/cmbx12.pfb>
<C:/Program Files (x86)/MiKTeX 2.9/fonts/type1/public/amsfonts/cm/cmex10.pfb><C
:/Program Files (x86)/MiKTeX 2.9/fonts/type1/public/amsfonts/cmextra/cmex8.pfb>
<C:/Program Files (x86)/MiKTeX 2.9/fonts/type1/public/amsfonts/cm/cmmi12.pfb><C
:/Program Files (x86)/MiKTeX 2.9/fonts/type1/public/amsfonts/cm/cmmi6.pfb><C:/P
rogram Files (x86)/MiKTeX 2.9/fonts/type1/public/amsfonts/cm/cmmi8.pfb><C:/Prog
ram Files (x86)/MiKTeX 2.9/fonts/type1/public/amsfonts/cm/cmr10.pfb><C:/Program
 Files (x86)/MiKTeX 2.9/fonts/type1/public/amsfonts/cm/cmr12.pfb><C:/Program Fi
les (x86)/MiKTeX 2.9/fonts/type1/public/amsfonts/cm/cmr17.pfb><C:/Program Files
 (x86)/MiKTeX 2.9/fonts/type1/public/amsfonts/cm/cmr6.pfb><C:/Program Files (x8
6)/MiKTeX 2.9/fonts/type1/public/amsfonts/cm/cmr7.pfb><C:/Program Files (x86)/M
iKTeX 2.9/fonts/type1/public/amsfonts/cm/cmr8.pfb><C:/Program Files (x86)/MiKTe
X 2.9/fonts/type1/public/amsfonts/cm/cmsy10.pfb><C:/Program Files (x86)/MiKTeX 
2.9/fonts/type1/public/amsfonts/cm/cmsy6.pfb><C:/Program Files (x86)/MiKTeX 2.9
/fonts/type1/public/amsfonts/cm/cmsy8.pfb><C:/Program Files (x86)/MiKTeX 2.9/fo
nts/type1/public/amsfonts/cm/cmti12.pfb>
Output written on Disertatie.pdf (39 pages, 1324716 bytes).
PDF statistics:
 754 PDF objects out of 1000 (max. 8388607)
 223 named destinations out of 1000 (max. 500000)
 383 words of extra memory for PDF output out of 10000 (max. 10000000)

