\BOOKMARK [0][-]{chapter.1}{Introducere}{}% 1
\BOOKMARK [1][-]{section.1.1}{Motivatia alegerii temei}{chapter.1}% 2
\BOOKMARK [1][-]{section.1.2}{Structura lucrarii}{chapter.1}% 3
\BOOKMARK [1][-]{section.1.3}{Acknowledgement}{chapter.1}% 4
\BOOKMARK [0][-]{chapter.2}{Lucrari similare}{}% 5
\BOOKMARK [1][-]{section.2.1}{Modele de regasire}{chapter.2}% 6
\BOOKMARK [2][-]{subsection.2.1.1}{Duolingo}{section.2.1}% 7
\BOOKMARK [2][-]{subsection.2.1.2}{Facebook Messenger}{section.2.1}% 8
\BOOKMARK [1][-]{section.2.2}{Modele generative}{chapter.2}% 9
\BOOKMARK [0][-]{chapter.3}{Arhitectura}{}% 10
\BOOKMARK [1][-]{section.3.1}{Retele neurale artificiale}{chapter.3}% 11
\BOOKMARK [1][-]{section.3.2}{Retele neurale artificiale recurente}{chapter.3}% 12
\BOOKMARK [1][-]{section.3.3}{Modele Sequence-to-Sequence}{chapter.3}% 13
\BOOKMARK [1][-]{section.3.4}{Hierarchical Recurrent Encoder-Decoder}{chapter.3}% 14
\BOOKMARK [2][-]{subsection.3.4.1}{Celula GRU}{section.3.4}% 15
\BOOKMARK [2][-]{subsection.3.4.2}{HRED bidirectional}{section.3.4}% 16
\BOOKMARK [1][-]{section.3.5}{Word Embeddings}{chapter.3}% 17
\BOOKMARK [2][-]{subsection.3.5.1}{Word2vec}{section.3.5}% 18
\BOOKMARK [2][-]{subsection.3.5.2}{Word embeddings preantrenate}{section.3.5}% 19
\BOOKMARK [1][-]{section.3.6}{Predictie}{chapter.3}% 20
\BOOKMARK [2][-]{subsection.3.6.1}{Greedy}{section.3.6}% 21
\BOOKMARK [2][-]{subsection.3.6.2}{Beam search}{section.3.6}% 22
\BOOKMARK [0][-]{chapter.4}{Experimente si rezultate}{}% 23
\BOOKMARK [0][-]{chapter.5}{Posibile dezvoltari}{}% 24
\BOOKMARK [1][-]{section.5.1}{\316nvatare prin \356ntarire}{chapter.5}% 25
\BOOKMARK [1][-]{section.5.2}{Mecanisme de atentie}{chapter.5}% 26
\BOOKMARK [0][-]{chapter.6}{Concluzii}{}% 27
